synthesis:  version Diamond (64-bit) 2.1.0.103

Copyright (c) 1991-1994 by NeoCAD Inc. All rights reserved.
Copyright (c) 1995 AT&T Corp.   All rights reserved.
Copyright (c) 1995-2001 Lucent Technologies Inc.  All rights reserved.
Copyright (c) 2001 Agere Systems   All rights reserved.
Copyright (c) 2002-2012 Lattice Semiconductor Corporation,  All rights reserved.
Sun Mar 10 19:51:37 2013


Command Line:  synthesis -f eece444_vga_videocard_eece444_vga_videocard_lattice.synproj 

-- all messages logged in file synthesis.log
INFO: Synthesis Options: (LSE-1022)
INFO: -a option is = MachXO
INFO: -s option is = 3
INFO: -t option is = FTBGA256
INFO: -d option is = LCMXO2280C
INFO: Using package FTBGA256
INFO: Using performance grade 3
INFO:                                                           
INFO: ##########################################################
INFO: ### Lattice Family : MachXOE
INFO: ### Device  : LCMXO2280C
INFO: ### Package : FTBGA256
INFO: ### Speed   : 3
INFO: ##########################################################
INFO:                                                           
INFO: Optimization Goal = Balanced
INFO: Top level module name = Top
INFO: Target Frequency = 200.000000 MHz
INFO: Max Fanout = 1000
INFO: Timing Path count = 3
INFO: bram Utilization = 100.000000 %
INFO: dsp usage = TRUE (default)
INFO: dsp utilization = 100 (default)
INFO: fsm_encoding_style = auto
INFO: resolve_mixed_drivers = 0
INFO: Mux style = Auto
INFO: Use Carry Chain = TRUE
INFO: carry_chain_length = 0
INFO: Use IO Insertion = TRUE
INFO: Use IO Reg = TRUE
INFO: Resource Sharing = TRUE
INFO: Propagate Constants = TRUE
INFO: Remove Duplicate Registers = TRUE
INFO: force_gsr = auto
INFO: ROM style = auto
INFO: RAM style = auto
INFO: -comp option is FALSE
INFO: -syn option is FALSE
INFO: -p C:/Users/fox/programming/STM32/src/verilog (searchpath added)
INFO: -p C:/lscc/diamond/2.1_x64/ispfpga/mj5g00/data (searchpath added)
INFO: -p C:/Users/fox/programming/STM32/src/verilog/eece444_vga_videocard (searchpath added)
INFO: -p C:/Users/fox/programming/STM32/src/verilog (searchpath added)
INFO: Verilog design file = C:/Users/fox/programming/STM32/src/verilog/ctrl_lines.v
INFO: Verilog design file = C:/Users/fox/programming/STM32/src/verilog/top.v
INFO: Ngd file = eece444_vga_videocard_eece444_vga_videocard.ngd
INFO: -sdc option: sdc file input not used
INFO: -lpf option: output file option is OFF
INFO: hardtimer checking is enabled (default); -dt option not used
INFO: -r option is OFF [ Remove LOC Properties is OFF ]
-- Technology check ok...MachXO, MachXO2...
INFO: * compile design *
INFO: Compile Design Begin
c:/users/fox/programming/stm32/src/verilog/top.v(9): INFO: compiling module Top (VERI-1018)
C:/lscc/diamond/2.1_x64/ispfpga/userware/NT/SYNTHESIS_HEADERS/machxo.v(1372): INFO: compiling module OSCC (VERI-1018)
c:/users/fox/programming/stm32/src/verilog/ctrl_lines.v(9): INFO: compiling module CtrlLines (VERI-1018)
INFO: Top level module name = Top


INFO: GSR Instance connected to net: GREEN_c (LSE-1149)
INFO: GSR will not be inferred since no asynchronous signal was found in netlist (LSE-1148)
WARNING: No lpf file will be written because -lpf option is not used or set to 0
INFO: Applying 200.000000 MHz constraint to all clocks (LSE-5000)
INFO: Results of ngd drc checks are available in Top_drc.log
INFO: All blocks are expanded and NGD expansion is successful
INFO: Writing ngd file eece444_vga_videocard_eece444_vga_videocard.ngd

################### Begin Area Report (Top)######################
Number of register bits => 24 of 2280 (1 % )
CCU2 => 12
FD1P3IX => 2
FD1S3IX => 22
GSR => 1
IB => 1
INV => 2
OB => 5
ORCALUT4 => 16
OSCC => 1
PFUMX => 1
################### End Area Report ##################

################### Begin BlackBox Report ######################
TSALL => 1
################### End BlackBox Report ##################

################### Begin Clock Report ######################
Clock Nets
Number of Clocks: 2
  Net : clk, loads : 12
  Net : h_counter_0, loads : 5
Clock Enable Nets
Number of Clock Enables: 2
Highest fanout non-clock nets
Top 10 highest fanout non-clock nets:
  Net : n59, loads : 12
  Net : n156, loads : 11
  Net : n157, loads : 11
  Net : h_counter_7, loads : 4
  Net : v_counter_1, loads : 4
  Net : v_counter_9, loads : 4
  Net : h_counter_4, loads : 4
  Net : h_counter_8, loads : 3
  Net : h_counter_9, loads : 3
  Net : h_counter_5, loads : 3
################### End Clock Report ##################

Timing Report Summary
--------------
--------------------------------------------------------------------------------
Constraint                              |   Constraint|       Actual|Levels
--------------------------------------------------------------------------------
                                        |             |             |
create_clock -period 5.000000 -name     |             |             |
clk1 [get_nets clk]                     |  200.000 MHz|  145.688 MHz|     6 *
                                        |             |             |
create_clock -period 5.000000 -name     |             |             |
clk0 [get_nets                          |             |             |
\CONTORLLINES/h_counter[0]]             |  200.000 MHz|  182.749 MHz|     4 *
                                        |             |             |
--------------------------------------------------------------------------------


2 constraints not met.


Peak Memory Usage: 55.047  MB

--------------------------------------------------------------
Elapsed CPU time for LSE flow : 0.281  secs
--------------------------------------------------------------
